0 info it worked if it ends with ok
1 verbose cli [ 'node',
1 verbose cli   '/usr/local/bin/npm',
1 verbose cli   '--global',
1 verbose cli   'run-script',
1 verbose cli   'pow',
1 verbose cli   'restart' ]
2 info using npm@2.7.5
3 info using node@v0.12.2
4 verbose node symlink /usr/local/bin/node
5 verbose stack Error: ENOENT, open '/Users/joshhuntsman/Development/huntsman/rails-training/package.json'
5 verbose stack     at Error (native)
6 verbose cwd /Users/joshhuntsman/Development/huntsman/rails-training
7 error Darwin 14.3.0
8 error argv "node" "/usr/local/bin/npm" "--global" "run-script" "pow" "restart"
9 error node v0.12.2
10 error npm  v2.7.5
11 error path /Users/joshhuntsman/Development/huntsman/rails-training/package.json
12 error code ENOENT
13 error errno -2
14 error enoent ENOENT, open '/Users/joshhuntsman/Development/huntsman/rails-training/package.json'
14 error enoent This is most likely not a problem with npm itself
14 error enoent and is related to npm not being able to find a file.
15 verbose exit [ -2, true ]
